#-----------------------------------------------------------
# Vivado v2018.1 (64-bit)
# SW Build 2188600 on Wed Apr  4 18:40:38 MDT 2018
# IP Build 2185939 on Wed Apr  4 20:55:05 MDT 2018
# Start of session at: Sun Jan 12 19:21:52 2020
# Process ID: 10832
# Current directory: C:/Users/Manuel/xilinx-workspace/EC14_8_Manuel_Lorente/M14_ejemplo
# Command line: vivado.exe -gui_launcher_event rodinguilauncherevent2604 C:\Users\Manuel\xilinx-workspace\EC14_8_Manuel_Lorente\M14_ejemplo\M14_ejemplo.xpr
# Log file: C:/Users/Manuel/xilinx-workspace/EC14_8_Manuel_Lorente/M14_ejemplo/vivado.log
# Journal file: C:/Users/Manuel/xilinx-workspace/EC14_8_Manuel_Lorente/M14_ejemplo\vivado.jou
#-----------------------------------------------------------
start_gui
open_project C:/Users/Manuel/xilinx-workspace/EC14_8_Manuel_Lorente/M14_ejemplo/M14_ejemplo.xpr
Scanning sources...
Finished scanning sources
INFO: [IP_Flow 19-234] Refreshing IP repositories
INFO: [IP_Flow 19-1704] No user IP repositories specified
INFO: [IP_Flow 19-2313] Loaded Vivado IP repository 'C:/Xilinx/Vivado/2018.1/data/ip'.
open_project: Time (s): cpu = 00:00:13 ; elapsed = 00:00:07 . Memory (MB): peak = 772.164 ; gain = 56.000
update_compile_order -fileset sources_1
launch_runs impl_1 -to_step write_bitstream -jobs 2
[Sun Jan 12 19:22:28 2020] Launched synth_1...
Run output will be captured here: C:/Users/Manuel/xilinx-workspace/EC14_8_Manuel_Lorente/M14_ejemplo/M14_ejemplo.runs/synth_1/runme.log
[Sun Jan 12 19:22:28 2020] Launched impl_1...
Run output will be captured here: C:/Users/Manuel/xilinx-workspace/EC14_8_Manuel_Lorente/M14_ejemplo/M14_ejemplo.runs/impl_1/runme.log
exit
INFO: [Common 17-206] Exiting Vivado at Sun Jan 12 20:01:50 2020...
