#-----------------------------------------------------------
# Vivado v2018.1 (64-bit)
# SW Build 2188600 on Wed Apr  4 18:40:38 MDT 2018
# IP Build 2185939 on Wed Apr  4 20:55:05 MDT 2018
# Start of session at: Sun Feb  2 12:27:27 2020
# Process ID: 5788
# Current directory: C:/Users/Manuel/xilinx-workspace/EC44/PicoBlaze2
# Command line: vivado.exe -gui_launcher_event rodinguilauncherevent6372 C:\Users\Manuel\xilinx-workspace\EC44\PicoBlaze2\PicoBlaze2.xpr
# Log file: C:/Users/Manuel/xilinx-workspace/EC44/PicoBlaze2/vivado.log
# Journal file: C:/Users/Manuel/xilinx-workspace/EC44/PicoBlaze2\vivado.jou
#-----------------------------------------------------------
start_gui
open_project C:/Users/Manuel/xilinx-workspace/EC44/PicoBlaze2/PicoBlaze2.xpr
INFO: [Project 1-313] Project file moved from 'C:/Users/Manuel/xilinx-workspace/EC42/PicoBlaze2' since last save.
Scanning sources...
Finished scanning sources
INFO: [IP_Flow 19-234] Refreshing IP repositories
INFO: [IP_Flow 19-1704] No user IP repositories specified
INFO: [IP_Flow 19-2313] Loaded Vivado IP repository 'C:/Xilinx/Vivado/2018.1/data/ip'.
open_project: Time (s): cpu = 00:00:16 ; elapsed = 00:00:08 . Memory (MB): peak = 778.215 ; gain = 58.250
update_compile_order -fileset sources_1
launch_runs impl_1 -to_step write_bitstream -jobs 4
[Sun Feb  2 12:30:04 2020] Launched synth_1...
Run output will be captured here: C:/Users/Manuel/xilinx-workspace/EC44/PicoBlaze2/PicoBlaze2.runs/synth_1/runme.log
[Sun Feb  2 12:30:04 2020] Launched impl_1...
Run output will be captured here: C:/Users/Manuel/xilinx-workspace/EC44/PicoBlaze2/PicoBlaze2.runs/impl_1/runme.log
open_hw
connect_hw_server
INFO: [Labtools 27-2285] Connecting to hw_server url TCP:localhost:3121
INFO: [Labtools 27-2222] Launching hw_server...
INFO: [Labtools 27-2221] Launch Output:

****** Xilinx hw_server v2018.1
  **** Build date : Apr  4 2018-19:32:53
    ** Copyright 1986-2018 Xilinx, Inc. All Rights Reserved.


connect_hw_server: Time (s): cpu = 00:00:01 ; elapsed = 00:00:06 . Memory (MB): peak = 803.414 ; gain = 0.000
open_hw_target
INFO: [Labtoolstcl 44-466] Opening hw_target localhost:3121/xilinx_tcf/Digilent/210183A89A85A
set_property PROGRAM.FILE {C:/Users/Manuel/xilinx-workspace/EC44/PicoBlaze2/PicoBlaze2.runs/impl_1/TOP.bit} [get_hw_devices xc7a35t_0]
current_hw_device [get_hw_devices xc7a35t_0]
refresh_hw_device -update_hw_probes false [lindex [get_hw_devices xc7a35t_0] 0]
INFO: [Labtools 27-1435] Device xc7a35t (JTAG device index = 0) is not programmed (DONE status = 0).
set_property PROBES.FILE {} [get_hw_devices xc7a35t_0]
set_property FULL_PROBES.FILE {} [get_hw_devices xc7a35t_0]
set_property PROGRAM.FILE {C:/Users/Manuel/xilinx-workspace/EC44/PicoBlaze2/PicoBlaze2.runs/impl_1/TOP.bit} [get_hw_devices xc7a35t_0]
program_hw_devices [get_hw_devices xc7a35t_0]
INFO: [Labtools 27-3164] End of startup status: HIGH
refresh_hw_device [lindex [get_hw_devices xc7a35t_0] 0]
INFO: [Labtools 27-1434] Device xc7a35t (JTAG device index = 0) is programmed with a design that has no supported debug core(s) in it.
WARNING: [Labtools 27-3361] The debug hub core was not detected.
Resolution: 
1. Make sure the clock connected to the debug hub (dbg_hub) core is a free running clock and is active.
2. Make sure the BSCAN_SWITCH_USER_MASK device property in Vivado Hardware Manager reflects the user scan chain setting in the design and refresh the device.  To determine the user scan chain setting in the design, open the implemented design and use 'get_property C_USER_SCAN_CHAIN [get_debug_cores dbg_hub]'.
For more details on setting the scan chain property, consult the Vivado Debug and Programming User Guide (UG908).
close_hw
exit
INFO: [Common 17-206] Exiting Vivado at Mon Feb  3 20:31:12 2020...
